<?xml version="1.0" encoding="UTF-8"?>
<!-- Generated by org.testng.reporters.JUnitReportReporter -->
<testsuite hostname="DESKTOP-PGP58D6" failures="0" tests="1" name="WithoutRegistirationTest" time="12.446" errors="0" timestamp="2022-10-25T17:13:22 TRT" skipped="0">
  <testcase classname="WithoutRegistirationTest" name="addProductToCartWithoutRegister" time="12.446"/>
  <system-out/>
</testsuite> <!-- WithoutRegistirationTest -->
