<?xml version="1.0" encoding="UTF-8"?>
<!-- Generated by org.testng.reporters.JUnitReportReporter -->
<testsuite hostname="DESKTOP-PGP58D6" failures="0" tests="1" name="WithRegistrationTest" time="20.248" errors="0" timestamp="28 Eki 2022 08:45:40 GMT" skipped="0">
  <testcase classname="WithRegistrationTest" name="addProductToCartWithRegister" time="20.248"/>
</testsuite> <!-- WithRegistrationTest -->
