<?xml version="1.0" encoding="UTF-8"?>
<!-- Generated by org.testng.reporters.JUnitReportReporter -->
<testsuite hostname="Kurt" failures="0" tests="1" name="tests.WithoutRegistrationTest" time="23.533" errors="0" timestamp="2023-03-28T01:16:11 TRT" skipped="0">
  <testcase classname="tests.WithoutRegistrationTest" name="addProductToCartWithoutRegister" time="23.533"/>
  <system-out/>
</testsuite> <!-- tests.WithoutRegistrationTest -->
