<?xml version="1.0" encoding="UTF-8"?>
<!-- Generated by org.testng.reporters.JUnitReportReporter -->
<testsuite hostname="Kurt" failures="0" tests="1" name="tests.WithoutRegistrationTest" time="15.285" errors="0" timestamp="2023-01-03T20:24:07 TRT" skipped="0">
  <testcase classname="tests.WithoutRegistrationTest" name="addProductToCartWithoutRegister" time="15.285"/>
  <system-out/>
</testsuite> <!-- tests.WithoutRegistrationTest -->
