<?xml version="1.0" encoding="UTF-8"?>
<!-- Generated by org.testng.reporters.JUnitReportReporter -->
<testsuite hostname="DESKTOP-PGP58D6" failures="0" tests="1" name="WithoutRegistrationTest" time="10.762" errors="0" timestamp="2022-10-28T13:40:40 TRT" skipped="0">
  <testcase classname="WithoutRegistrationTest" name="addProductToCartWithoutRegister" time="10.762"/>
  <system-out/>
</testsuite> <!-- WithoutRegistrationTest -->
