<?xml version="1.0" encoding="UTF-8"?>
<!-- Generated by org.testng.reporters.JUnitReportReporter -->
<testsuite hostname="DESKTOP-PGP58D6" failures="0" tests="1" name="tests.WithoutRegistrationTest" time="14.457" errors="0" timestamp="2022-10-31T17:35:00 TRT" skipped="0">
  <testcase classname="tests.WithoutRegistrationTest" name="addProductToCartWithoutRegister" time="14.457"/>
  <system-out/>
</testsuite> <!-- tests.WithoutRegistrationTest -->
