<?xml version="1.0" encoding="UTF-8"?>
<!-- Generated by org.testng.reporters.JUnitReportReporter -->
<testsuite hostname="DESKTOP-PGP58D6" failures="0" tests="1" name="tests.WithoutRegistrationTest" time="12.584" errors="0" timestamp="2022-11-01T14:53:50 TRT" skipped="0">
  <testcase classname="tests.WithoutRegistrationTest" name="addProductToCartWithoutRegister" time="12.584"/>
  <system-out/>
</testsuite> <!-- tests.WithoutRegistrationTest -->
