<?xml version="1.0" encoding="UTF-8"?>
<!-- Generated by org.testng.reporters.JUnitReportReporter -->
<testsuite hostname="DESKTOP-PGP58D6" failures="0" tests="1" name="tests.WithRegistrationTest" time="32.583" errors="0" timestamp="2022-11-01T14:53:50 TRT" skipped="0">
  <testcase classname="tests.WithRegistrationTest" name="addProductToCartWithRegister" time="32.583"/>
  <system-out/>
</testsuite> <!-- tests.WithRegistrationTest -->
