<?xml version="1.0" encoding="UTF-8"?>
<!-- Generated by org.testng.reporters.JUnitReportReporter -->
<testsuite hostname="DESKTOP-PGP58D6" failures="0" tests="1" name="tests.WithoutRegistrationTest" time="13.598" errors="0" timestamp="2022-11-04T01:01:54 TRT" skipped="0">
  <testcase classname="tests.WithoutRegistrationTest" name="addProductToCartWithoutRegister" time="13.598"/>
  <system-out/>
</testsuite> <!-- tests.WithoutRegistrationTest -->
