<?xml version="1.0" encoding="UTF-8"?>
<!-- Generated by org.testng.reporters.JUnitReportReporter -->
<testsuite hostname="DESKTOP-PGP58D6" failures="0" tests="1" name="WithRegistrationTest" time="19.361" errors="0" timestamp="2022-10-26T16:42:19 TRT" skipped="0">
  <testcase classname="WithRegistrationTest" name="addProductToCartWithRegister" time="19.361"/>
  <system-out/>
</testsuite> <!-- WithRegistrationTest -->
